build/app/intermediates/manifest_merge_blame_file/release/manifest-merger-blame-release-report.txt
1<?xml version="1.0" encoding="utf-8"?>
2<manifest xmlns:android="http://schemas.android.com/apk/res/android"
3    package="com.familypharmacy.qatar"
4    android:versionCode="1"
5    android:versionName="15.4.2" >
6
7    <uses-sdk
8        android:minSdkVersion="21"
8-->src/main/AndroidManifest.xml
9        android:targetSdkVersion="31" />
9-->src/main/AndroidManifest.xml
10
11    <uses-permission android:name="android.permission.INTERNET" />
11-->src/main/AndroidManifest.xml:3:5-66
11-->src/main/AndroidManifest.xml:3:22-64
12    <uses-permission android:name="android.permission.ACCESS_FINE_LOCATION" />
12-->src/main/AndroidManifest.xml:4:5-79
12-->src/main/AndroidManifest.xml:4:22-76
13    <uses-permission android:name="android.permission.ACCESS_COARSE_LOCATION" />
13-->src/main/AndroidManifest.xml:5:5-81
13-->src/main/AndroidManifest.xml:5:22-78
14    <uses-permission android:name="android.permission.CAMERA" />
14-->src/main/AndroidManifest.xml:6:5-65
14-->src/main/AndroidManifest.xml:6:22-62
15    <uses-permission android:name="android.permission.WRITE_EXTERNAL_STORAGE" />
15-->src/main/AndroidManifest.xml:7:5-81
15-->src/main/AndroidManifest.xml:7:22-78
16    <uses-permission android:name="android.permission.READ_EXTERNAL_STORAGE" />
16-->src/main/AndroidManifest.xml:8:5-79
16-->src/main/AndroidManifest.xml:8:22-77
17
18    <uses-feature android:name="android.hardware.camera" />
18-->src/main/AndroidManifest.xml:9:5-60
18-->src/main/AndroidManifest.xml:9:19-57
19    <uses-feature android:name="android.hardware.camera.autofocus" />
19-->src/main/AndroidManifest.xml:10:5-70
19-->src/main/AndroidManifest.xml:10:19-67
20
21    <uses-permission android:name="android.permission.RECEIVE_BOOT_COMPLETED" />
21-->[:flutter_local_notifications] AndroidManifest.xml:7:5-81
21-->[:flutter_local_notifications] AndroidManifest.xml:7:22-78
22    <uses-permission android:name="android.permission.VIBRATE" />
22-->[:flutter_local_notifications] AndroidManifest.xml:8:5-66
22-->[:flutter_local_notifications] AndroidManifest.xml:8:22-63
23    <uses-permission android:name="android.permission.USE_FULL_SCREEN_INTENT" />
23-->[:flutter_local_notifications] AndroidManifest.xml:9:5-81
23-->[:flutter_local_notifications] AndroidManifest.xml:9:22-78
24    <uses-permission android:name="android.permission.ACCESS_NETWORK_STATE" />
24-->[:connectivity] AndroidManifest.xml:7:5-79
24-->[:connectivity] AndroidManifest.xml:7:22-76
25    <uses-permission android:name="android.permission.ACCESS_WIFI_STATE" />
25-->[:connectivity] AndroidManifest.xml:8:5-76
25-->[:connectivity] AndroidManifest.xml:8:22-73
26    <uses-permission android:name="android.permission.CALL_PHONE" />
26-->[:flutter_phone_direct_caller] AndroidManifest.xml:9:5-69
26-->[:flutter_phone_direct_caller] AndroidManifest.xml:9:22-66
27
28    <uses-feature
28-->[:flutter_phone_direct_caller] AndroidManifest.xml:11:5-13:36
29        android:name="android.hardware.telephony"
29-->[:flutter_phone_direct_caller] AndroidManifest.xml:12:9-50
30        android:required="false" />
30-->[:flutter_phone_direct_caller] AndroidManifest.xml:13:9-33
31    <!--
32 io.flutter.app.FlutterApplication is an android.app.Application that
33         calls FlutterMain.startInitialization(this); in its onCreate method.
34         In most cases you can leave this as-is, but you if you want to provide
35         additional functionality it is fine to subclass or reimplement
36         FlutterApplication and put your custom class here.
37    -->
38    <application
38-->src/main/AndroidManifest.xml:18:5-46:19
39        android:name="io.flutter.app.FlutterApplication"
39-->src/main/AndroidManifest.xml:18:54-102
40        android:appComponentFactory="androidx.core.app.CoreComponentFactory"
40-->[androidx.core:core:1.5.0-beta01] AndroidManifest.xml:24:18-86
41        android:icon="@mipmap/ic_launcher"
41-->src/main/AndroidManifest.xml:18:135-169
42        android:label="Family Pharmacy"
42-->src/main/AndroidManifest.xml:18:103-134
43        android:usesCleartextTraffic="true" >
43-->src/main/AndroidManifest.xml:18:18-53
44        <activity
44-->src/main/AndroidManifest.xml:19:9-39:20
45            android:name="com.familypharmacy.qatar.MainActivity"
45-->src/main/AndroidManifest.xml:19:19-47
46            android:configChanges="orientation|keyboardHidden|keyboard|screenSize|smallestScreenSize|locale|layoutDirection|fontScale|screenLayout|density|uiMode"
46-->src/main/AndroidManifest.xml:19:114-264
47            android:exported="true"
47-->src/main/AndroidManifest.xml:19:379-402
48            android:hardwareAccelerated="true"
48-->src/main/AndroidManifest.xml:19:265-299
49            android:launchMode="singleTop"
49-->src/main/AndroidManifest.xml:19:48-78
50            android:theme="@style/LaunchTheme"
50-->src/main/AndroidManifest.xml:19:79-113
51            android:usesCleartextTraffic="true"
51-->src/main/AndroidManifest.xml:19:300-335
52            android:windowSoftInputMode="adjustResize" >
52-->src/main/AndroidManifest.xml:19:336-378
53
54            <!--
55                 Specifies an Android theme to apply to this Activity as soon as
56                 the Android process has started. This theme is visible to the user
57                 while the Flutter UI initializes. After that, this theme continues
58                 to determine the Window background behind the Flutter UI.
59            -->
60            <meta-data
60-->src/main/AndroidManifest.xml:24:13-120
61                android:name="io.flutter.embedding.android.NormalTheme"
61-->src/main/AndroidManifest.xml:24:24-79
62                android:resource="@style/NormalTheme" />
62-->src/main/AndroidManifest.xml:24:80-117
63
64            <!--
65                 Displays an Android View that continues showing the launch screen
66                 Drawable until Flutter paints its first frame, then this splash
67                 screen fades out. A splash screen is useful to avoid any visual
68                 gap between the end of Android's launch screen and the painting of
69                 Flutter's first frame.
70            -->
71            <meta-data
71-->src/main/AndroidManifest.xml:33:13-138
72                android:name="io.flutter.embedding.android.SplashScreenDrawable"
72-->src/main/AndroidManifest.xml:33:24-88
73                android:resource="@drawable/launch_background" />
73-->src/main/AndroidManifest.xml:33:89-135
74
75            <intent-filter>
75-->src/main/AndroidManifest.xml:35:13-38:29
76                <action android:name="android.intent.action.MAIN" />
76-->src/main/AndroidManifest.xml:36:17-68
76-->src/main/AndroidManifest.xml:36:25-66
77
78                <category android:name="android.intent.category.LAUNCHER" />
78-->src/main/AndroidManifest.xml:37:17-76
78-->src/main/AndroidManifest.xml:37:27-74
79            </intent-filter>
80        </activity>
81
82        <receiver
82-->src/main/AndroidManifest.xml:40:9-41:20
83            android:name="com.dexterous.flutterlocalnotifications.ScheduledNotificationBootReceiver"
83-->src/main/AndroidManifest.xml:40:19-107
84            android:exported="true" >
84-->src/main/AndroidManifest.xml:40:108-131
85            <intent-filter>
85-->[:flutter_local_notifications] AndroidManifest.xml:14:13-19:29
86                <action android:name="android.intent.action.BOOT_COMPLETED" />
86-->[:flutter_local_notifications] AndroidManifest.xml:15:17-79
86-->[:flutter_local_notifications] AndroidManifest.xml:15:25-76
87                <action android:name="android.intent.action.MY_PACKAGE_REPLACED" />
87-->[:flutter_local_notifications] AndroidManifest.xml:16:17-84
87-->[:flutter_local_notifications] AndroidManifest.xml:16:25-81
88                <action android:name="android.intent.action.QUICKBOOT_POWERON" />
88-->[:flutter_local_notifications] AndroidManifest.xml:17:17-82
88-->[:flutter_local_notifications] AndroidManifest.xml:17:25-79
89                <action android:name="com.htc.intent.action.QUICKBOOT_POWERON" />
89-->[:flutter_local_notifications] AndroidManifest.xml:18:17-82
89-->[:flutter_local_notifications] AndroidManifest.xml:18:25-79
90            </intent-filter>
91        </receiver>
92        <!--
93             Don't delete the meta-data below.
94             This is used by the Flutter tool to generate GeneratedPluginRegistrant.java
95        -->
96        <meta-data
96-->src/main/AndroidManifest.xml:44:9-72
97            android:name="flutterEmbedding"
97-->src/main/AndroidManifest.xml:44:20-51
98            android:value="2" />
98-->src/main/AndroidManifest.xml:44:52-69
99
100        <provider
100-->[:image_picker] AndroidManifest.xml:11:9-19:20
101            android:name="io.flutter.plugins.imagepicker.ImagePickerFileProvider"
101-->[:image_picker] AndroidManifest.xml:12:13-82
102            android:authorities="com.familypharmacy.qatar.flutter.image_provider"
102-->[:image_picker] AndroidManifest.xml:13:13-74
103            android:exported="false"
103-->[:image_picker] AndroidManifest.xml:14:13-37
104            android:grantUriPermissions="true" >
104-->[:image_picker] AndroidManifest.xml:15:13-47
105            <meta-data
105-->[:image_picker] AndroidManifest.xml:16:13-18:75
106                android:name="android.support.FILE_PROVIDER_PATHS"
106-->[:image_picker] AndroidManifest.xml:17:17-67
107                android:resource="@xml/flutter_image_picker_file_paths" />
107-->[:image_picker] AndroidManifest.xml:18:17-72
108        </provider>
109
110        <activity
110-->[:url_launcher] AndroidManifest.xml:8:9-11:74
111            android:name="io.flutter.plugins.urllauncher.WebViewActivity"
111-->[:url_launcher] AndroidManifest.xml:9:13-74
112            android:exported="false"
112-->[:url_launcher] AndroidManifest.xml:10:13-37
113            android:theme="@android:style/Theme.NoTitleBar.Fullscreen" />
113-->[:url_launcher] AndroidManifest.xml:11:13-71
114
115        <receiver android:name="com.dexterous.flutterlocalnotifications.ScheduledNotificationReceiver" />
115-->[:flutter_local_notifications] AndroidManifest.xml:12:9-106
115-->[:flutter_local_notifications] AndroidManifest.xml:12:19-103
116
117        <provider
117-->[:share] AndroidManifest.xml:8:9-16:20
118            android:name="io.flutter.plugins.share.ShareFileProvider"
118-->[:share] AndroidManifest.xml:9:13-70
119            android:authorities="com.familypharmacy.qatar.flutter.share_provider"
119-->[:share] AndroidManifest.xml:10:13-74
120            android:exported="false"
120-->[:share] AndroidManifest.xml:11:13-37
121            android:grantUriPermissions="true" >
121-->[:share] AndroidManifest.xml:12:13-47
122            <meta-data
122-->[:image_picker] AndroidManifest.xml:16:13-18:75
123                android:name="android.support.FILE_PROVIDER_PATHS"
123-->[:image_picker] AndroidManifest.xml:17:17-67
124                android:resource="@xml/flutter_share_file_paths" />
124-->[:image_picker] AndroidManifest.xml:18:17-72
125        </provider>
126
127        <activity
127-->[com.google.android.gms:play-services-base:17.2.1] AndroidManifest.xml:23:9-26:75
128            android:name="com.google.android.gms.common.api.GoogleApiActivity"
128-->[com.google.android.gms:play-services-base:17.2.1] AndroidManifest.xml:24:13-79
129            android:exported="false"
129-->[com.google.android.gms:play-services-base:17.2.1] AndroidManifest.xml:25:13-37
130            android:theme="@android:style/Theme.Translucent.NoTitleBar" />
130-->[com.google.android.gms:play-services-base:17.2.1] AndroidManifest.xml:26:13-72
131
132        <meta-data
132-->[com.google.android.gms:play-services-basement:17.2.1] AndroidManifest.xml:23:9-25:69
133            android:name="com.google.android.gms.version"
133-->[com.google.android.gms:play-services-basement:17.2.1] AndroidManifest.xml:24:13-58
134            android:value="@integer/google_play_services_version" />
134-->[com.google.android.gms:play-services-basement:17.2.1] AndroidManifest.xml:25:13-66
135    </application>
136
137</manifest>